<?xml version="1.0" encoding="UTF-8"?>
<testng-results ignored="0" total="1" passed="1" failed="0" skipped="0">
  <reporter-output>
  </reporter-output>
  <suite started-at="2024-07-01T07:11:14 IST" name="Default suite" finished-at="2024-07-01T07:11:27 IST" duration-ms="12963">
    <groups>
    </groups>
    <test started-at="2024-07-01T07:11:14 IST" name="Default test" finished-at="2024-07-01T07:11:27 IST" duration-ms="12963">
      <class name="login.Logintest">
        <test-method signature="myTest()[pri:0, instance:login.Logintest@2667f029]" started-at="2024-07-01T07:11:14 IST" name="myTest" finished-at="2024-07-01T07:11:27 IST" duration-ms="12901" status="PASS">
          <reporter-output>
          </reporter-output>
        </test-method> <!-- myTest -->
      </class> <!-- login.Logintest -->
    </test> <!-- Default test -->
  </suite> <!-- Default suite -->
</testng-results>
